g:\network_game\multiplayerbook\chapter 6\robocataction\robocat\debug\robocat.pch
g:\network_game\multiplayerbook\chapter 6\robocataction\robocat\debug\robocat.pdb
g:\network_game\multiplayerbook\chapter 6\robocataction\robocat\debug\robocat.idb
g:\network_game\multiplayerbook\chapter 6\robocataction\robocat\debug\robocatpch.obj
g:\network_game\multiplayerbook\chapter 6\robocataction\robocat\debug\world.obj
g:\network_game\multiplayerbook\chapter 6\robocataction\robocat\debug\udpsocket.obj
g:\network_game\multiplayerbook\chapter 6\robocataction\robocat\debug\timing.obj
g:\network_game\multiplayerbook\chapter 6\robocataction\robocat\debug\tcpsocket.obj
g:\network_game\multiplayerbook\chapter 6\robocataction\robocat\debug\stringutils.obj
g:\network_game\multiplayerbook\chapter 6\robocataction\robocat\debug\socketutil.obj
g:\network_game\multiplayerbook\chapter 6\robocataction\robocat\debug\socketaddressfactory.obj
g:\network_game\multiplayerbook\chapter 6\robocataction\robocat\debug\socketaddress.obj
g:\network_game\multiplayerbook\chapter 6\robocataction\robocat\debug\scoreboardmanager.obj
g:\network_game\multiplayerbook\chapter 6\robocataction\robocat\debug\robomath.obj
g:\network_game\multiplayerbook\chapter 6\robocataction\robocat\debug\robocat.obj
g:\network_game\multiplayerbook\chapter 6\robocataction\robocat\debug\networkmanager.obj
g:\network_game\multiplayerbook\chapter 6\robocataction\robocat\debug\movelist.obj
g:\network_game\multiplayerbook\chapter 6\robocataction\robocat\debug\move.obj
g:\network_game\multiplayerbook\chapter 6\robocataction\robocat\debug\mouse.obj
g:\network_game\multiplayerbook\chapter 6\robocataction\robocat\debug\memorybitstream.obj
g:\network_game\multiplayerbook\chapter 6\robocataction\robocat\debug\inputstate.obj
g:\network_game\multiplayerbook\chapter 6\robocataction\robocat\debug\gameobjectregistry.obj
g:\network_game\multiplayerbook\chapter 6\robocataction\robocat\debug\gameobject.obj
g:\network_game\multiplayerbook\chapter 6\robocataction\robocat\debug\engine.obj
g:\network_game\multiplayerbook\chapter 6\robocataction\robocat\debug\yarn.obj
g:\robocataction\robocat\debug\robocat.pch
g:\robocataction\robocat\debug\robocat.pdb
g:\robocataction\robocat\debug\robocat.idb
g:\robocataction\robocat\debug\robocatpch.obj
g:\robocataction\robocat\debug\udpsocket.obj
g:\robocataction\robocat\debug\mouse.obj
g:\robocataction\robocat\debug\gameobject.obj
g:\robocataction\robocat\debug\timing.obj
g:\robocataction\robocat\debug\tcpsocket.obj
g:\robocataction\robocat\debug\stringutils.obj
g:\robocataction\robocat\debug\socketutil.obj
g:\robocataction\robocat\debug\socketaddressfactory.obj
g:\robocataction\robocat\debug\socketaddress.obj
g:\robocataction\robocat\debug\robocat.obj
g:\robocataction\robocat\debug\scoreboardmanager.obj
g:\robocataction\robocat\debug\robomath.obj
g:\robocataction\robocat\debug\networkmanager.obj
g:\robocataction\robocat\debug\movelist.obj
g:\robocataction\robocat\debug\move.obj
g:\robocataction\robocat\debug\memorybitstream.obj
g:\robocataction\robocat\debug\inputstate.obj
g:\robocataction\robocat\debug\gameobjectregistry.obj
g:\robocataction\robocat\debug\engine.obj
g:\robocataction\robocat\debug\yarn.obj
g:\robocataction\robocat\debug\world.obj
g:\network_game\multiplayerbook\chapter 6\robocataction\robocat\bin\debug\robocat.lib
g:\robocataction\robocat\bin\debug\robocat.lib
g:\robocataction\robocat\debug\robocat.tlog\cl.command.1.tlog
g:\robocataction\robocat\debug\robocat.tlog\cl.read.1.tlog
g:\robocataction\robocat\debug\robocat.tlog\cl.write.1.tlog
g:\robocataction\robocat\debug\robocat.tlog\lib-link.read.1.tlog
g:\robocataction\robocat\debug\robocat.tlog\lib-link.write.1.tlog
g:\robocataction\robocat\debug\robocat.tlog\lib.command.1.tlog
