  RoboCatPCH.cpp
  Yarn.cpp
  Engine.cpp
  GameObjectRegistry.cpp
  InputState.cpp
  MemoryBitStream.cpp
  Move.cpp
  MoveList.cpp
  NetworkManager.cpp
  RoboMath.cpp
  ScoreBoardManager.cpp
  RoboCat.cpp
  SocketAddress.cpp
  SocketAddressFactory.cpp
  SocketUtil.cpp
g:\robocataction\robocat\src\socketutil.cpp(90): warning C4100: “ioNaxNfds”: 未引用的形参
  StringUtils.cpp
  TCPSocket.cpp
  Timing.cpp
  GameObject.cpp
  Mouse.cpp
  UDPSocket.cpp
  正在生成代码...
  正在编译...
  World.cpp
  正在生成代码...
  RoboCat.vcxproj -> G:\RoboCatAction\RoboCat\Bin\Debug\RoboCat.lib
