g:\robocataction\robocatclient\debug\robocatclient.pch
g:\robocataction\robocatclient\debug\vc141.pdb
g:\robocataction\robocatclient\debug\vc141.idb
g:\robocataction\robocatclient\debug\robocatclientpch.obj
g:\robocataction\robocatclient\debug\yarnclient.obj
g:\robocataction\robocatclient\debug\windowmanager.obj
g:\robocataction\robocatclient\debug\texturemanager.obj
g:\robocataction\robocatclient\debug\texture.obj
g:\robocataction\robocatclient\debug\spritecomponent.obj
g:\robocataction\robocatclient\debug\robocatclient.obj
g:\robocataction\robocatclient\debug\replicationmanagerclient.obj
g:\robocataction\robocatclient\debug\rendermanager.obj
g:\robocataction\robocatclient\debug\networkmanagerclient.obj
g:\robocataction\robocatclient\debug\mouseclient.obj
g:\robocataction\robocatclient\debug\inputmanager.obj
g:\robocataction\robocatclient\debug\hud.obj
g:\robocataction\robocatclient\debug\graphicsdriver.obj
g:\robocataction\robocatclient\debug\clientmain.obj
g:\robocataction\robocatclient\debug\client.obj
g:\robocataction\debug\robocatclient.exe
g:\robocataction\debug\robocatclient.ilk
g:\robocataction\debug\robocatclient.pdb
g:\robocataction\robocatclient\debug\robocatclient.tlog\cl.command.1.tlog
g:\robocataction\robocatclient\debug\robocatclient.tlog\cl.read.1.tlog
g:\robocataction\robocatclient\debug\robocatclient.tlog\cl.write.1.tlog
g:\robocataction\robocatclient\debug\robocatclient.tlog\link.command.1.tlog
g:\robocataction\robocatclient\debug\robocatclient.tlog\link.read.1.tlog
g:\robocataction\robocatclient\debug\robocatclient.tlog\link.write.1.tlog
